[08abr.2024 00:48:10.056] [User Authenticator #5/INFO] [net.minecraft.server.network.ServerLoginPacketListenerImpl/]: UUID of player ShmutsiBoo is 99619d9e-e11e-4a7d-a09b-90034ba99c29
[08abr.2024 00:48:18.199] [Server thread/INFO] [net.minecraft.server.players.PlayerList/]: ShmutsiBoo[/[2806:261:482:83f0:c4ad:b6c5:86a4:6dfb]:54198] logged in with entity id 1834 at (-3592.85879097957, 78.0, -1038.2201267852688)
[08abr.2024 00:48:18.315] [Server thread/INFO] [net.minecraft.server.MinecraftServer/]: ShmutsiBoo joined the game
[08abr.2024 00:48:18.364] [Server thread/INFO] [xaero.pac.OpenPartiesAndClaims/]: Updating all forceload tickets for 99619d9e-e11e-4a7d-a09b-90034ba99c29
[08abr.2024 00:48:18.380] [Server thread/INFO] [Jade/]: Syncing config to ShmutsiBoo (99619d9e-e11e-4a7d-a09b-90034ba99c29)
[08abr.2024 00:48:21.145] [Server thread/INFO] [voicechat/]: [voicechat] Received secret request of ShmutsiBoo (17)
[08abr.2024 00:48:21.145] [Server thread/INFO] [voicechat/]: [voicechat] Sent secret to ShmutsiBoo
[08abr.2024 00:48:26.454] [VoiceChatPacketProcessingThread/INFO] [voicechat/]: [voicechat] Successfully authenticated player 99619d9e-e11e-4a7d-a09b-90034ba99c29
[08abr.2024 00:48:27.458] [VoiceChatPacketProcessingThread/INFO] [voicechat/]: [voicechat] Successfully validated connection of player 99619d9e-e11e-4a7d-a09b-90034ba99c29
[08abr.2024 00:48:27.461] [VoiceChatPacketProcessingThread/INFO] [voicechat/]: [voicechat] Player ShmutsiBoo (99619d9e-e11e-4a7d-a09b-90034ba99c29) successfully connected to voice chat
[08abr.2024 00:54:21.276] [User Authenticator #6/INFO] [net.minecraft.server.network.ServerLoginPacketListenerImpl/]: UUID of player SoyPoncho_ is 4be9efb6-adef-400b-9f63-c249f5a73779
[08abr.2024 00:54:29.466] [Server thread/INFO] [net.minecraft.server.players.PlayerList/]: SoyPoncho_[/[2806:2f0:51a0:f5a1:7d43:e76f:a76:7f5]:64960] logged in with entity id 3052 at (-3496.2172778558497, 106.0, -1121.9996579939789)
[08abr.2024 00:54:29.524] [Server thread/INFO] [net.minecraft.server.MinecraftServer/]: SoyPoncho_ joined the game
[08abr.2024 00:54:29.663] [Server thread/INFO] [xaero.pac.OpenPartiesAndClaims/]: Updating all forceload tickets for 4be9efb6-adef-400b-9f63-c249f5a73779
[08abr.2024 00:54:29.672] [Server thread/INFO] [Jade/]: Syncing config to SoyPoncho_ (4be9efb6-adef-400b-9f63-c249f5a73779)
[08abr.2024 00:54:30.037] [Server thread/INFO] [voicechat/]: [voicechat] Received secret request of SoyPoncho_ (17)
[08abr.2024 00:54:30.044] [Server thread/INFO] [voicechat/]: [voicechat] Sent secret to SoyPoncho_
[08abr.2024 00:54:34.931] [VoiceChatPacketProcessingThread/INFO] [voicechat/]: [voicechat] Successfully authenticated player 4be9efb6-adef-400b-9f63-c249f5a73779
[08abr.2024 00:54:35.932] [VoiceChatPacketProcessingThread/INFO] [voicechat/]: [voicechat] Successfully validated connection of player 4be9efb6-adef-400b-9f63-c249f5a73779
[08abr.2024 00:54:35.933] [VoiceChatPacketProcessingThread/INFO] [voicechat/]: [voicechat] Player SoyPoncho_ (4be9efb6-adef-400b-9f63-c249f5a73779) successfully connected to voice chat
[08abr.2024 00:58:38.122] [User Authenticator #7/INFO] [net.minecraft.server.network.ServerLoginPacketListenerImpl/]: UUID of player MiniKaeru is dd5e547c-c58f-48c7-81a6-ac11ae165807
[08abr.2024 00:58:46.321] [Server thread/INFO] [net.minecraft.server.players.PlayerList/]: MiniKaeru[/[2806:2f0:52e0:fdce:4513:13bf:5a7f:beb9]:49349] logged in with entity id 4204 at (-3612.3860741995736, 85.0, -1181.2521089945187)
[08abr.2024 00:58:46.377] [Server thread/INFO] [net.minecraft.server.MinecraftServer/]: MiniKaeru joined the game
[08abr.2024 00:58:46.546] [Server thread/INFO] [xaero.pac.OpenPartiesAndClaims/]: Updating all forceload tickets for dd5e547c-c58f-48c7-81a6-ac11ae165807
[08abr.2024 00:58:46.553] [Server thread/INFO] [Jade/]: Syncing config to MiniKaeru (dd5e547c-c58f-48c7-81a6-ac11ae165807)
[08abr.2024 00:58:47.871] [Server thread/INFO] [voicechat/]: [voicechat] Received secret request of MiniKaeru (17)
[08abr.2024 00:58:47.871] [Server thread/INFO] [voicechat/]: [voicechat] Sent secret to MiniKaeru
[08abr.2024 00:58:50.738] [VoiceChatPacketProcessingThread/INFO] [voicechat/]: [voicechat] Successfully authenticated player dd5e547c-c58f-48c7-81a6-ac11ae165807
[08abr.2024 00:58:51.739] [VoiceChatPacketProcessingThread/INFO] [voicechat/]: [voicechat] Successfully validated connection of player dd5e547c-c58f-48c7-81a6-ac11ae165807
[08abr.2024 00:58:51.739] [VoiceChatPacketProcessingThread/INFO] [voicechat/]: [voicechat] Player MiniKaeru (dd5e547c-c58f-48c7-81a6-ac11ae165807) successfully connected to voice chat
[08abr.2024 00:59:06.109] [VoiceChatPacketProcessingThread/INFO] [voicechat/]: [voicechat] Player dd5e547c-c58f-48c7-81a6-ac11ae165807 timed out
[08abr.2024 00:59:06.109] [VoiceChatPacketProcessingThread/INFO] [voicechat/]: [voicechat] Reconnecting player MiniKaeru
[08abr.2024 00:59:06.111] [VoiceChatPacketProcessingThread/INFO] [voicechat/]: [voicechat] Sent secret to MiniKaeru
[08abr.2024 00:59:14.817] [Server thread/INFO] [net.minecraft.server.network.ServerGamePacketListenerImpl/]: MiniKaeru lost connection: Disconnected
[08abr.2024 00:59:14.818] [Server thread/INFO] [net.minecraft.server.MinecraftServer/]: MiniKaeru left the game
[08abr.2024 00:59:14.818] [Server thread/INFO] [xaero.pac.OpenPartiesAndClaims/]: Updating all forceload tickets for dd5e547c-c58f-48c7-81a6-ac11ae165807
[08abr.2024 00:59:14.820] [Server thread/INFO] [voicechat/]: [voicechat] Disconnecting client MiniKaeru
[08abr.2024 01:00:46.762] [User Authenticator #8/INFO] [net.minecraft.server.network.ServerLoginPacketListenerImpl/]: UUID of player MiniKaeru is dd5e547c-c58f-48c7-81a6-ac11ae165807
[08abr.2024 01:00:54.951] [Server thread/INFO] [net.minecraft.server.players.PlayerList/]: MiniKaeru[/[2806:2f0:52e0:fdce:4513:13bf:5a7f:beb9]:49601] logged in with entity id 4661 at (-3612.3860741995736, 85.0, -1181.2521089945187)
[08abr.2024 01:00:54.991] [Server thread/INFO] [net.minecraft.server.MinecraftServer/]: MiniKaeru joined the game
[08abr.2024 01:00:55.143] [Server thread/INFO] [xaero.pac.OpenPartiesAndClaims/]: Updating all forceload tickets for dd5e547c-c58f-48c7-81a6-ac11ae165807
[08abr.2024 01:00:55.151] [Server thread/INFO] [Jade/]: Syncing config to MiniKaeru (dd5e547c-c58f-48c7-81a6-ac11ae165807)
[08abr.2024 01:00:56.504] [Server thread/INFO] [voicechat/]: [voicechat] Received secret request of MiniKaeru (17)
[08abr.2024 01:00:56.505] [Server thread/INFO] [voicechat/]: [voicechat] Sent secret to MiniKaeru
[08abr.2024 01:00:59.357] [VoiceChatPacketProcessingThread/INFO] [voicechat/]: [voicechat] Successfully authenticated player dd5e547c-c58f-48c7-81a6-ac11ae165807
[08abr.2024 01:01:00.359] [VoiceChatPacketProcessingThread/INFO] [voicechat/]: [voicechat] Successfully validated connection of player dd5e547c-c58f-48c7-81a6-ac11ae165807
[08abr.2024 01:01:00.359] [VoiceChatPacketProcessingThread/INFO] [voicechat/]: [voicechat] Player MiniKaeru (dd5e547c-c58f-48c7-81a6-ac11ae165807) successfully connected to voice chat
[08abr.2024 01:19:11.518] [Server thread/WARN] [net.minecraft.server.network.ServerGamePacketListenerImpl/]: ShmutsiBoo moved wrongly!
[08abr.2024 01:20:28.214] [Server thread/INFO] [net.minecraft.server.MinecraftServer/]: ShmutsiBoo has made the advancement [Imbued]
[08abr.2024 01:36:20.968] [Server thread/INFO] [net.minecraft.world.entity.LivingEntity/]: Named entity EntityRaccoon['Elizabeth'/1956, l='ServerLevel[Vete alv Jasso]', x=-3671.60, y=77.06, z=-1093.40] died: Elizabeth was slain by SoyPoncho_
[08abr.2024 01:41:54.172] [Server thread/WARN] [net.minecraft.server.network.ServerGamePacketListenerImpl/]: SoyPoncho_ moved wrongly!
[08abr.2024 01:41:56.766] [Server thread/INFO] [net.minecraft.server.network.ServerGamePacketListenerImpl/]: SoyPoncho_ lost connection: Disconnected
[08abr.2024 01:41:56.766] [Server thread/INFO] [net.minecraft.server.MinecraftServer/]: SoyPoncho_ left the game
[08abr.2024 01:41:56.767] [Server thread/INFO] [xaero.pac.OpenPartiesAndClaims/]: Updating all forceload tickets for 4be9efb6-adef-400b-9f63-c249f5a73779
[08abr.2024 01:41:56.769] [Server thread/INFO] [voicechat/]: [voicechat] Disconnecting client SoyPoncho_
[08abr.2024 01:46:57.128] [Server thread/WARN] [net.minecraft.server.network.ServerGamePacketListenerImpl/]: MiniKaeru moved wrongly!
[08abr.2024 01:48:27.407] [User Authenticator #9/INFO] [net.minecraft.server.network.ServerLoginPacketListenerImpl/]: UUID of player SoyPoncho_ is 4be9efb6-adef-400b-9f63-c249f5a73779
[08abr.2024 01:48:35.569] [Server thread/INFO] [net.minecraft.server.players.PlayerList/]: SoyPoncho_[/[2806:2f0:51a0:f5a1:7d43:e76f:a76:7f5]:50207] logged in with entity id 21732 at (-3487.5035555834793, 106.0, -1106.1246683662955)
[08abr.2024 01:48:35.620] [Server thread/INFO] [net.minecraft.server.MinecraftServer/]: SoyPoncho_ joined the game
[08abr.2024 01:48:35.732] [Server thread/INFO] [xaero.pac.OpenPartiesAndClaims/]: Updating all forceload tickets for 4be9efb6-adef-400b-9f63-c249f5a73779
[08abr.2024 01:48:35.739] [Server thread/INFO] [Jade/]: Syncing config to SoyPoncho_ (4be9efb6-adef-400b-9f63-c249f5a73779)
[08abr.2024 01:48:36.025] [Server thread/INFO] [voicechat/]: [voicechat] Received secret request of SoyPoncho_ (17)
[08abr.2024 01:48:36.027] [Server thread/INFO] [voicechat/]: [voicechat] Sent secret to SoyPoncho_
[08abr.2024 01:48:39.808] [VoiceChatPacketProcessingThread/INFO] [voicechat/]: [voicechat] Successfully authenticated player 4be9efb6-adef-400b-9f63-c249f5a73779
[08abr.2024 01:48:40.809] [VoiceChatPacketProcessingThread/INFO] [voicechat/]: [voicechat] Successfully validated connection of player 4be9efb6-adef-400b-9f63-c249f5a73779
[08abr.2024 01:48:40.810] [VoiceChatPacketProcessingThread/INFO] [voicechat/]: [voicechat] Player SoyPoncho_ (4be9efb6-adef-400b-9f63-c249f5a73779) successfully connected to voice chat
[08abr.2024 02:00:19.323] [Server thread/INFO] [net.minecraft.server.network.ServerGamePacketListenerImpl/]: MiniKaeru lost connection: Disconnected
[08abr.2024 02:00:19.323] [Server thread/INFO] [net.minecraft.server.MinecraftServer/]: MiniKaeru left the game
[08abr.2024 02:00:19.324] [Server thread/INFO] [xaero.pac.OpenPartiesAndClaims/]: Updating all forceload tickets for dd5e547c-c58f-48c7-81a6-ac11ae165807
[08abr.2024 02:00:19.325] [Server thread/INFO] [voicechat/]: [voicechat] Disconnecting client MiniKaeru
[08abr.2024 02:13:19.194] [Server thread/WARN] [net.minecraft.server.network.ServerGamePacketListenerImpl/]: SoyPoncho_ moved too quickly! -7.523511278576279,-1.388309534799717,-19.5310590846791
[08abr.2024 02:13:55.389] [Server thread/WARN] [net.minecraft.server.network.ServerGamePacketListenerImpl/]: SoyPoncho_ moved wrongly!
[08abr.2024 02:16:42.231] [pool-8-thread-1/INFO] [Supplementaries/]: Searching for closest structure among [ResourceKey[minecraft:worldgen/structure / towns_and_towers:village_grove], ResourceKey[minecraft:worldgen/structure / towns_and_towers:exclusives/village_mediterranean], ResourceKey[minecraft:worldgen/structure / repurposed_structures:village_swamp], ResourceKey[minecraft:worldgen/structure / towns_and_towers:village_jungle], ResourceKey[minecraft:worldgen/structure / repurposed_structures:village_warped], ResourceKey[minecraft:worldgen/structure / repurposed_structures:village_mushroom], ResourceKey[minecraft:worldgen/structure / minecraft:village_snowy], ResourceKey[minecraft:worldgen/structure / repurposed_structures:village_crimson], ResourceKey[minecraft:worldgen/structure / minecraft:village_plains], ResourceKey[minecraft:worldgen/structure / towns_and_towers:village_forest], ResourceKey[minecraft:worldgen/structure / towns_and_towers:exclusives/village_wandering_trader_camp], ResourceKey[minecraft:worldgen/structure / repurposed_structures:village_oak], ResourceKey[minecraft:worldgen/structure / towns_and_towers:exclusives/village_classic], ResourceKey[minecraft:worldgen/structure / towns_and_towers:exclusives/village_tudor], ResourceKey[minecraft:worldgen/structure / repurposed_structures:village_dark_forest], ResourceKey[minecraft:worldgen/structure / towns_and_towers:village_sparse_jungle], ResourceKey[minecraft:worldgen/structure / repurposed_structures:village_giant_taiga], ResourceKey[minecraft:worldgen/structure / repurposed_structures:village_bamboo], ResourceKey[minecraft:worldgen/structure / towns_and_towers:village_ocean], ResourceKey[minecraft:worldgen/structure / towns_and_towers:exclusives/village_swedish], ResourceKey[minecraft:worldgen/structure / repurposed_structures:village_badlands], ResourceKey[minecraft:worldgen/structure / towns_and_towers:village_badlands], ResourceKey[minecraft:worldgen/structure / minecraft:village_savanna], ResourceKey[minecraft:worldgen/structure / towns_and_towers:village_beach], ResourceKey[minecraft:worldgen/structure / towns_and_towers:village_old_growth_taiga], ResourceKey[minecraft:worldgen/structure / repurposed_structures:village_ocean], ResourceKey[minecraft:worldgen/structure / towns_and_towers:village_birch_forest], ResourceKey[minecraft:worldgen/structure / minecraft:village_taiga], ResourceKey[minecraft:worldgen/structure / towns_and_towers:village_snowy_taiga], ResourceKey[minecraft:worldgen/structure / towns_and_towers:village_snowy_slopes], ResourceKey[minecraft:worldgen/structure / towns_and_towers:village_meadow], ResourceKey[minecraft:worldgen/structure / towns_and_towers:exclusives/village_rustic], ResourceKey[minecraft:worldgen/structure / repurposed_structures:village_cherry], ResourceKey[minecraft:worldgen/structure / towns_and_towers:village_flower_forest], ResourceKey[minecraft:worldgen/structure / repurposed_structures:village_mountains], ResourceKey[minecraft:worldgen/structure / towns_and_towers:village_mushroom_fields], ResourceKey[minecraft:worldgen/structure / repurposed_structures:village_birch], ResourceKey[minecraft:worldgen/structure / towns_and_towers:village_swamp], ResourceKey[minecraft:worldgen/structure / towns_and_towers:village_wooded_badlands], ResourceKey[minecraft:worldgen/structure / minecraft:village_desert], ResourceKey[minecraft:worldgen/structure / towns_and_towers:exclusives/village_iberian], ResourceKey[minecraft:worldgen/structure / towns_and_towers:village_savanna_plateau], ResourceKey[minecraft:worldgen/structure / towns_and_towers:village_sunflower_plains], ResourceKey[minecraft:worldgen/structure / repurposed_structures:village_jungle], ResourceKey[minecraft:worldgen/structure / towns_and_towers:exclusives/village_nilotic]]
[08abr.2024 02:16:44.336] [Server thread/WARN] [net.minecraft.server.network.ServerGamePacketListenerImpl/]: SoyPoncho_ moved too quickly! 12.679780496920102,-0.897071194686859,12.136846560956656
[08abr.2024 02:17:22.274] [Server thread/WARN] [net.minecraft.server.network.ServerGamePacketListenerImpl/]: ShmutsiBoo moved wrongly!
[08abr.2024 02:18:21.165] [Server thread/WARN] [net.minecraft.server.network.ServerGamePacketListenerImpl/]: SoyPoncho_ moved wrongly!
[08abr.2024 02:19:21.274] [Server thread/WARN] [net.minecraft.server.network.ServerGamePacketListenerImpl/]: ShmutsiBoo moved wrongly!
[08abr.2024 02:20:59.101] [Server thread/INFO] [net.minecraft.world.entity.LivingEntity/]: Named entity Zombie['Yomach the Toxic'/39938, l='ServerLevel[Vete alv Jasso]', x=-1555.63, y=19.00, z=-1007.65] died: Yomach the Toxic was eaten by a Dusktrap
[08abr.2024 02:21:55.315] [Server thread/WARN] [net.minecraft.server.network.ServerGamePacketListenerImpl/]: ShmutsiBoo moved wrongly!
[08abr.2024 02:24:25.169] [Server thread/INFO] [net.minecraft.server.network.ServerGamePacketListenerImpl/]: SoyPoncho_ lost connection: Disconnected
[08abr.2024 02:24:25.169] [Server thread/INFO] [net.minecraft.server.MinecraftServer/]: SoyPoncho_ left the game
[08abr.2024 02:24:25.170] [Server thread/INFO] [xaero.pac.OpenPartiesAndClaims/]: Updating all forceload tickets for 4be9efb6-adef-400b-9f63-c249f5a73779
[08abr.2024 02:24:25.172] [Server thread/INFO] [voicechat/]: [voicechat] Disconnecting client SoyPoncho_
[08abr.2024 02:25:26.021] [Server thread/WARN] [net.minecraft.server.network.ServerGamePacketListenerImpl/]: ShmutsiBoo moved wrongly!
[08abr.2024 02:55:15.303] [Server thread/INFO] [net.minecraft.server.network.ServerGamePacketListenerImpl/]: ShmutsiBoo lost connection: Disconnected
[08abr.2024 02:55:15.303] [Server thread/INFO] [net.minecraft.server.MinecraftServer/]: ShmutsiBoo left the game
[08abr.2024 02:55:15.303] [Server thread/INFO] [xaero.pac.OpenPartiesAndClaims/]: Updating all forceload tickets for 99619d9e-e11e-4a7d-a09b-90034ba99c29
[08abr.2024 02:55:15.305] [Server thread/INFO] [voicechat/]: [voicechat] Disconnecting client ShmutsiBoo
[08abr.2024 13:03:40.249] [User Authenticator #10/INFO] [net.minecraft.server.network.ServerLoginPacketListenerImpl/]: UUID of player SoyPoncho_ is 4be9efb6-adef-400b-9f63-c249f5a73779
[08abr.2024 13:04:32.939] [Server thread/INFO] [net.minecraft.server.network.ServerLoginPacketListenerImpl/]: com.mojang.authlib.GameProfile@3acb3a59[id=4be9efb6-adef-400b-9f63-c249f5a73779,name=SoyPoncho_,properties={textures=[com.mojang.authlib.properties.Property@4d69d496]},legacy=false] (/[2806:2f0:51a0:f5a1:a8e7:ac51:b2d4:dbe6]:64318) lost connection: Disconnected
[08abr.2024 13:17:51.013] [User Authenticator #11/INFO] [net.minecraft.server.network.ServerLoginPacketListenerImpl/]: UUID of player SoyPoncho_ is 4be9efb6-adef-400b-9f63-c249f5a73779
[08abr.2024 13:17:58.789] [Server thread/INFO] [net.minecraft.server.network.ServerLoginPacketListenerImpl/]: com.mojang.authlib.GameProfile@7592ec02[id=4be9efb6-adef-400b-9f63-c249f5a73779,name=SoyPoncho_,properties={textures=[com.mojang.authlib.properties.Property@3b514316]},legacy=false] (/[2806:2f0:51a0:f5a1:a8e7:ac51:b2d4:dbe6]:64719) lost connection: Disconnected
[08abr.2024 13:18:15.531] [User Authenticator #12/INFO] [net.minecraft.server.network.ServerLoginPacketListenerImpl/]: UUID of player ShmutsiBoo is 99619d9e-e11e-4a7d-a09b-90034ba99c29
[08abr.2024 13:18:23.630] [Server thread/INFO] [net.minecraft.server.players.PlayerList/]: ShmutsiBoo[/[2806:261:482:83f0:e481:4c5e:1c93:7f48]:50373] logged in with entity id 52389 at (-3577.644507949829, 78.0, -1068.762499988079)
[08abr.2024 13:18:23.662] [Server thread/INFO] [net.minecraft.server.MinecraftServer/]: ShmutsiBoo joined the game
[08abr.2024 13:18:23.685] [Server thread/INFO] [xaero.pac.OpenPartiesAndClaims/]: Updating all forceload tickets for 99619d9e-e11e-4a7d-a09b-90034ba99c29
[08abr.2024 13:18:23.692] [Server thread/INFO] [Jade/]: Syncing config to ShmutsiBoo (99619d9e-e11e-4a7d-a09b-90034ba99c29)
[08abr.2024 13:18:26.682] [Server thread/INFO] [voicechat/]: [voicechat] Received secret request of ShmutsiBoo (17)
[08abr.2024 13:18:26.682] [Server thread/INFO] [voicechat/]: [voicechat] Sent secret to ShmutsiBoo
[08abr.2024 13:18:30.822] [User Authenticator #13/INFO] [net.minecraft.server.network.ServerLoginPacketListenerImpl/]: UUID of player SoyPoncho_ is 4be9efb6-adef-400b-9f63-c249f5a73779
[08abr.2024 13:18:31.886] [VoiceChatPacketProcessingThread/INFO] [voicechat/]: [voicechat] Successfully authenticated player 99619d9e-e11e-4a7d-a09b-90034ba99c29
[08abr.2024 13:18:32.890] [VoiceChatPacketProcessingThread/INFO] [voicechat/]: [voicechat] Successfully validated connection of player 99619d9e-e11e-4a7d-a09b-90034ba99c29
[08abr.2024 13:18:32.890] [VoiceChatPacketProcessingThread/INFO] [voicechat/]: [voicechat] Player ShmutsiBoo (99619d9e-e11e-4a7d-a09b-90034ba99c29) successfully connected to voice chat
[08abr.2024 13:18:33.007] [Server thread/INFO] [net.minecraft.server.network.ServerLoginPacketListenerImpl/]: com.mojang.authlib.GameProfile@699939af[id=4be9efb6-adef-400b-9f63-c249f5a73779,name=SoyPoncho_,properties={textures=[com.mojang.authlib.properties.Property@6b3269b0]},legacy=false] (/[2806:2f0:51a0:f5a1:a8e7:ac51:b2d4:dbe6]:64750) lost connection: Disconnected
[08abr.2024 13:19:39.820] [User Authenticator #14/INFO] [net.minecraft.server.network.ServerLoginPacketListenerImpl/]: UUID of player SoyPoncho_ is 4be9efb6-adef-400b-9f63-c249f5a73779
[08abr.2024 13:19:47.998] [Server thread/INFO] [net.minecraft.server.players.PlayerList/]: SoyPoncho_[/[2806:2f0:51a0:f5a1:a8e7:ac51:b2d4:dbe6]:64879] logged in with entity id 53023 at (-3490.557453712978, 106.0, -1104.3460565955245)
[08abr.2024 13:19:48.029] [Server thread/INFO] [net.minecraft.server.MinecraftServer/]: SoyPoncho_ joined the game
[08abr.2024 13:19:48.133] [Server thread/INFO] [xaero.pac.OpenPartiesAndClaims/]: Updating all forceload tickets for 4be9efb6-adef-400b-9f63-c249f5a73779
[08abr.2024 13:19:48.142] [Server thread/INFO] [Jade/]: Syncing config to SoyPoncho_ (4be9efb6-adef-400b-9f63-c249f5a73779)
[08abr.2024 13:19:49.042] [Server thread/INFO] [voicechat/]: [voicechat] Received secret request of SoyPoncho_ (17)
[08abr.2024 13:19:49.043] [Server thread/INFO] [voicechat/]: [voicechat] Sent secret to SoyPoncho_
[08abr.2024 13:19:51.496] [VoiceChatPacketProcessingThread/INFO] [voicechat/]: [voicechat] Successfully authenticated player 4be9efb6-adef-400b-9f63-c249f5a73779
[08abr.2024 13:19:52.498] [VoiceChatPacketProcessingThread/INFO] [voicechat/]: [voicechat] Successfully validated connection of player 4be9efb6-adef-400b-9f63-c249f5a73779
[08abr.2024 13:19:52.498] [VoiceChatPacketProcessingThread/INFO] [voicechat/]: [voicechat] Player SoyPoncho_ (4be9efb6-adef-400b-9f63-c249f5a73779) successfully connected to voice chat
[08abr.2024 13:45:36.556] [Server thread/INFO] [net.minecraft.world.entity.LivingEntity/]: Named entity WanderingTrader['Juanita'/52406, l='ServerLevel[Vete alv Jasso]', x=-3586.52, y=78.00, z=-1038.30] died: Juanita was slain by Zombie
[08abr.2024 13:49:29.990] [VoiceChatPacketProcessingThread/INFO] [voicechat/]: [voicechat] Player 4be9efb6-adef-400b-9f63-c249f5a73779 timed out
[08abr.2024 13:49:29.990] [VoiceChatPacketProcessingThread/INFO] [voicechat/]: [voicechat] Reconnecting player SoyPoncho_
[08abr.2024 13:49:29.990] [VoiceChatPacketProcessingThread/INFO] [voicechat/]: [voicechat] Sent secret to SoyPoncho_
[08abr.2024 13:49:38.412] [Server thread/INFO] [net.minecraft.server.network.ServerGamePacketListenerImpl/]: SoyPoncho_ lost connection: Disconnected
[08abr.2024 13:49:38.413] [Server thread/INFO] [net.minecraft.server.MinecraftServer/]: SoyPoncho_ left the game
[08abr.2024 13:49:38.413] [Server thread/INFO] [xaero.pac.OpenPartiesAndClaims/]: Updating all forceload tickets for 4be9efb6-adef-400b-9f63-c249f5a73779
[08abr.2024 13:49:38.415] [Server thread/INFO] [voicechat/]: [voicechat] Disconnecting client SoyPoncho_
[08abr.2024 14:47:05.168] [Server thread/INFO] [net.minecraft.server.MinecraftServer/]: [Server] voy a meter los mods
[08abr.2024 14:47:16.559] [Server thread/INFO] [net.minecraft.server.network.ServerGamePacketListenerImpl/]: ShmutsiBoo lost connection: Disconnected
[08abr.2024 14:47:16.578] [Server thread/INFO] [net.minecraft.server.MinecraftServer/]: ShmutsiBoo left the game
[08abr.2024 14:47:16.579] [Server thread/INFO] [xaero.pac.OpenPartiesAndClaims/]: Updating all forceload tickets for 99619d9e-e11e-4a7d-a09b-90034ba99c29
[08abr.2024 14:47:16.581] [Server thread/INFO] [voicechat/]: [voicechat] Disconnecting client ShmutsiBoo
